mode: set
github.com/zemirco/dcp/block/device_properties_name_of_station.go:12.52,18.2 1 0
github.com/zemirco/dcp/block/device_properties_name_of_station.go:21.57,22.52 1 0
github.com/zemirco/dcp/block/device_properties_name_of_station.go:26.2,29.12 3 0
github.com/zemirco/dcp/block/device_properties_name_of_station.go:22.52,24.3 1 0
github.com/zemirco/dcp/block/device_properties_name_of_station.go:33.57,37.16 3 0
github.com/zemirco/dcp/block/device_properties_name_of_station.go:40.2,47.15 5 0
github.com/zemirco/dcp/block/device_properties_name_of_station.go:37.16,39.3 1 0
github.com/zemirco/dcp/block/device_properties_name_of_station.go:51.35,53.2 1 0
github.com/zemirco/dcp/block/header.go:23.50,25.15 2 1
github.com/zemirco/dcp/block/header.go:28.2,28.20 1 1
github.com/zemirco/dcp/block/header.go:32.2,45.15 9 1
github.com/zemirco/dcp/block/header.go:50.2,50.20 1 1
github.com/zemirco/dcp/block/header.go:55.2,55.15 1 1
github.com/zemirco/dcp/block/header.go:25.15,27.3 1 1
github.com/zemirco/dcp/block/header.go:28.20,30.3 1 0
github.com/zemirco/dcp/block/header.go:45.15,48.3 2 1
github.com/zemirco/dcp/block/header.go:50.20,53.3 2 0
github.com/zemirco/dcp/block/header.go:59.50,71.15 8 1
github.com/zemirco/dcp/block/header.go:76.2,76.20 1 1
github.com/zemirco/dcp/block/header.go:81.2,81.12 1 1
github.com/zemirco/dcp/block/header.go:71.15,74.3 2 1
github.com/zemirco/dcp/block/header.go:76.20,79.3 2 0
github.com/zemirco/dcp/block/header.go:85.28,87.15 2 1
github.com/zemirco/dcp/block/header.go:90.2,90.20 1 1
github.com/zemirco/dcp/block/header.go:93.2,93.15 1 1
github.com/zemirco/dcp/block/header.go:87.15,89.3 1 1
github.com/zemirco/dcp/block/header.go:90.20,92.3 1 0
github.com/zemirco/dcp/block/control_response.go:19.56,25.2 1 0
github.com/zemirco/dcp/block/control_response.go:28.59,29.52 1 0
github.com/zemirco/dcp/block/control_response.go:33.2,43.12 7 0
github.com/zemirco/dcp/block/control_response.go:29.52,31.3 1 0
github.com/zemirco/dcp/block/control_response.go:47.59,51.16 3 0
github.com/zemirco/dcp/block/control_response.go:54.2,67.15 9 0
github.com/zemirco/dcp/block/control_response.go:51.16,53.3 1 0
github.com/zemirco/dcp/block/control_response.go:71.37,73.2 1 0
github.com/zemirco/dcp/block/device_properties_device_instance.go:13.54,19.2 1 0
github.com/zemirco/dcp/block/device_properties_device_instance.go:22.58,23.52 1 0
github.com/zemirco/dcp/block/device_properties_device_instance.go:27.2,32.12 5 0
github.com/zemirco/dcp/block/device_properties_device_instance.go:23.52,25.3 1 0
github.com/zemirco/dcp/block/device_properties_device_instance.go:36.58,40.16 3 0
github.com/zemirco/dcp/block/device_properties_device_instance.go:43.2,53.15 7 0
github.com/zemirco/dcp/block/device_properties_device_instance.go:40.16,42.3 1 0
github.com/zemirco/dcp/block/device_properties_device_instance.go:57.36,59.2 1 0
github.com/zemirco/dcp/block/device_properties_manufacturer_specific.go:12.66,18.2 1 0
github.com/zemirco/dcp/block/device_properties_manufacturer_specific.go:21.64,22.52 1 0
github.com/zemirco/dcp/block/device_properties_manufacturer_specific.go:26.2,29.12 3 0
github.com/zemirco/dcp/block/device_properties_manufacturer_specific.go:22.52,24.3 1 0
github.com/zemirco/dcp/block/device_properties_manufacturer_specific.go:33.64,37.16 3 0
github.com/zemirco/dcp/block/device_properties_manufacturer_specific.go:40.2,47.15 5 0
github.com/zemirco/dcp/block/device_properties_manufacturer_specific.go:37.16,39.3 1 0
github.com/zemirco/dcp/block/device_properties_manufacturer_specific.go:51.42,53.2 1 0
github.com/zemirco/dcp/block/all_all.go:16.20,23.2 1 1
github.com/zemirco/dcp/block/all_all.go:26.47,28.2 1 1
github.com/zemirco/dcp/block/all_all.go:31.47,33.2 1 1
github.com/zemirco/dcp/block/all_all.go:36.25,38.2 1 1
github.com/zemirco/dcp/block/device_initiative_device_initiative.go:14.58,20.2 1 0
github.com/zemirco/dcp/block/device_initiative_device_initiative.go:23.60,24.52 1 0
github.com/zemirco/dcp/block/device_initiative_device_initiative.go:28.2,31.12 3 0
github.com/zemirco/dcp/block/device_initiative_device_initiative.go:24.52,26.3 1 0
github.com/zemirco/dcp/block/device_initiative_device_initiative.go:35.60,39.16 3 0
github.com/zemirco/dcp/block/device_initiative_device_initiative.go:42.2,49.15 5 0
github.com/zemirco/dcp/block/device_initiative_device_initiative.go:39.16,41.3 1 0
github.com/zemirco/dcp/block/device_initiative_device_initiative.go:53.38,55.2 1 0
github.com/zemirco/dcp/block/device_properties_device_id.go:15.52,16.52 1 0
github.com/zemirco/dcp/block/device_properties_device_id.go:20.2,25.12 5 0
github.com/zemirco/dcp/block/device_properties_device_id.go:16.52,18.3 1 0
github.com/zemirco/dcp/block/device_properties_device_id.go:29.52,33.16 3 0
github.com/zemirco/dcp/block/device_properties_device_id.go:36.2,46.15 7 0
github.com/zemirco/dcp/block/device_properties_device_id.go:33.16,35.3 1 0
github.com/zemirco/dcp/block/device_properties_device_id.go:50.30,52.2 1 0
github.com/zemirco/dcp/block/ip_ipparameter.go:21.83,35.2 1 1
github.com/zemirco/dcp/block/ip_ipparameter.go:38.45,48.2 1 0
github.com/zemirco/dcp/block/ip_ipparameter.go:51.55,52.52 1 1
github.com/zemirco/dcp/block/ip_ipparameter.go:56.2,66.12 7 1
github.com/zemirco/dcp/block/ip_ipparameter.go:52.52,54.3 1 0
github.com/zemirco/dcp/block/ip_ipparameter.go:70.55,74.16 3 1
github.com/zemirco/dcp/block/ip_ipparameter.go:77.2,90.15 9 1
github.com/zemirco/dcp/block/ip_ipparameter.go:74.16,76.3 1 0
github.com/zemirco/dcp/block/ip_ipparameter.go:94.33,96.2 1 1
github.com/zemirco/dcp/ethernet.go:18.59,24.2 1 1
github.com/zemirco/dcp/ethernet.go:29.54,37.2 5 1
github.com/zemirco/dcp/ethernet.go:40.54,47.2 4 1
github.com/zemirco/dcp/ethernet.go:50.32,52.2 1 1
github.com/zemirco/dcp/frame.go:29.57,49.2 2 0
github.com/zemirco/dcp/frame.go:52.87,69.2 1 0
github.com/zemirco/dcp/frame.go:72.49,77.16 4 0
github.com/zemirco/dcp/frame.go:80.2,84.16 4 0
github.com/zemirco/dcp/frame.go:87.2,89.15 2 0
github.com/zemirco/dcp/frame.go:77.16,79.3 1 0
github.com/zemirco/dcp/frame.go:84.16,86.3 1 0
github.com/zemirco/dcp/frame.go:93.49,95.56 1 0
github.com/zemirco/dcp/frame.go:99.2,99.59 1 0
github.com/zemirco/dcp/frame.go:95.56,97.3 1 0
github.com/zemirco/dcp/frame.go:103.27,105.2 1 0
github.com/zemirco/dcp/telegram.go:34.52,60.17 16 0
github.com/zemirco/dcp/telegram.go:72.2,72.12 1 0
github.com/zemirco/dcp/telegram.go:60.17,64.25 2 0
github.com/zemirco/dcp/telegram.go:68.3,69.24 2 0
github.com/zemirco/dcp/telegram.go:64.25,66.4 1 0
github.com/zemirco/dcp/telegram.go:76.52,78.18 2 0
github.com/zemirco/dcp/telegram.go:81.2,81.26 1 0
github.com/zemirco/dcp/telegram.go:85.2,106.18 15 0
github.com/zemirco/dcp/telegram.go:114.2,114.26 1 0
github.com/zemirco/dcp/telegram.go:123.2,123.15 1 0
github.com/zemirco/dcp/telegram.go:78.18,80.3 1 0
github.com/zemirco/dcp/telegram.go:81.26,83.3 1 0
github.com/zemirco/dcp/telegram.go:106.18,108.17 2 0
github.com/zemirco/dcp/telegram.go:111.3,112.19 2 0
github.com/zemirco/dcp/telegram.go:108.17,110.4 1 0
github.com/zemirco/dcp/telegram.go:114.26,116.17 2 0
github.com/zemirco/dcp/telegram.go:119.3,120.27 2 0
github.com/zemirco/dcp/telegram.go:116.17,118.4 1 0
github.com/zemirco/dcp/telegram.go:127.30,129.26 2 0
github.com/zemirco/dcp/telegram.go:132.2,132.18 1 0
github.com/zemirco/dcp/telegram.go:135.2,135.15 1 0
github.com/zemirco/dcp/telegram.go:129.26,131.3 1 0
github.com/zemirco/dcp/telegram.go:132.18,134.3 1 0
github.com/zemirco/dcp/telegram.go:138.46,151.9 8 0
github.com/zemirco/dcp/telegram.go:214.2,214.32 1 0
github.com/zemirco/dcp/telegram.go:153.69,156.60 2 0
github.com/zemirco/dcp/telegram.go:159.3,160.45 2 0
github.com/zemirco/dcp/telegram.go:162.59,166.58 3 0
github.com/zemirco/dcp/telegram.go:170.3,171.96 2 0
github.com/zemirco/dcp/telegram.go:173.70,176.61 2 0
github.com/zemirco/dcp/telegram.go:180.3,181.87 2 0
github.com/zemirco/dcp/telegram.go:183.76,186.67 2 0
github.com/zemirco/dcp/telegram.go:190.3,191.56 2 0
github.com/zemirco/dcp/telegram.go:193.72,196.63 2 0
github.com/zemirco/dcp/telegram.go:200.3,201.40 2 0
github.com/zemirco/dcp/telegram.go:203.61,206.62 2 0
github.com/zemirco/dcp/telegram.go:210.3,211.39 2 0
github.com/zemirco/dcp/telegram.go:156.60,157.14 1 0
github.com/zemirco/dcp/telegram.go:166.58,167.14 1 0
github.com/zemirco/dcp/telegram.go:176.61,177.14 1 0
github.com/zemirco/dcp/telegram.go:186.67,187.14 1 0
github.com/zemirco/dcp/telegram.go:196.63,197.14 1 0
github.com/zemirco/dcp/telegram.go:206.62,207.14 1 0
